[03-02 23:07:13]: [INFO] Created column 'regdate' and set the current timestamp, 1740956833452, to all 0 rows
[03-02 23:07:13]: [INFO] SQLite Setup finished
[03-02 23:07:13]: [INFO] Hooked into LuckPerms!
[03-02 23:07:13]: [INFO] Hooked successfully into Essentials
[03-02 23:07:13]: [INFO] Essentials spawn file not found: '/workspaces/ZaricksonxD/servidor_minecraft/plugins/Essentials/spawn.yml'
[03-02 23:07:13]: [WARN] WARNING! The protectInventory feature requires ProtocolLib! Disabling it...
[03-02 23:07:13]: [INFO] AuthMe 5.6.0 build n.CUSTOM successfully enabled!
[03-02 23:07:13]: [INFO] Downloading GEO IP database, because the old database is older than 30 days or doesn't exist
[03-02 23:07:13]: [WARN] No MaxMind credentials found in the configuration file! GeoIp protections will be disabled.
[03-02 23:07:13]: [INFO] There is no newer GEO IP database uploaded to MaxMind. Using the old one for now.
[03-02 23:07:13]: [WARN] Could not download GeoLiteAPI database [FileNotFoundException]: plugins/AuthMe/GeoLite2-Country.mmdb (No such file or directory)
[03-02 23:07:13]: java.io.FileNotFoundException: plugins/AuthMe/GeoLite2-Country.mmdb (No such file or directory)
	at java.base/java.io.RandomAccessFile.open0(Native Method)
	at java.base/java.io.RandomAccessFile.open(RandomAccessFile.java:356)
	at java.base/java.io.RandomAccessFile.<init>(RandomAccessFile.java:273)
	at java.base/java.io.RandomAccessFile.<init>(RandomAccessFile.java:223)
	at AuthMe-5.6.0-legacy-1740956828808.jar//fr.xephi.authme.libs.com.maxmind.db.BufferHolder.<init>(BufferHolder.java:20)
	at AuthMe-5.6.0-legacy-1740956828808.jar//fr.xephi.authme.libs.com.maxmind.db.Reader.<init>(Reader.java:121)
	at AuthMe-5.6.0-legacy-1740956828808.jar//fr.xephi.authme.service.GeoIpService.startReading(GeoIpService.java:179)
	at AuthMe-5.6.0-legacy-1740956828808.jar//fr.xephi.authme.service.GeoIpService.updateDatabase(GeoIpService.java:150)
	at org.bukkit.craftbukkit.scheduler.CraftTask.run(CraftTask.java:78)
	at org.bukkit.craftbukkit.scheduler.CraftAsyncTask.run(CraftAsyncTask.java:57)
	at com.destroystokyo.paper.ServerSchedulerReportingWrapper.run(ServerSchedulerReportingWrapper.java:22)
	at java.base/java.util.concurrent.ThreadPoolExecutor.runWorker(ThreadPoolExecutor.java:1144)
	at java.base/java.util.concurrent.ThreadPoolExecutor$Worker.run(ThreadPoolExecutor.java:642)
	at java.base/java.lang.Thread.run(Thread.java:1583)

[03-02 23:07:27]: [FINE] Zarickson registered 127.4.64.75
[03-02 23:07:27]: [FINE] Zarickson logged in 127.4.64.75
[03-02 23:07:54]: [FINE] Quesitos registered 127.66.197.61
[03-02 23:07:54]: [FINE] Quesitos logged in 127.66.197.61
[03-03 00:56:29]: [INFO] AuthMe 5.6.0-bCUSTOM disabled!
[03-03 09:20:39]: [INFO] SQLite Setup finished
[03-03 09:20:39]: [INFO] Hooked into LuckPerms!
[03-03 09:20:39]: [INFO] Hooked successfully into Essentials
[03-03 09:20:39]: [WARN] WARNING! The protectInventory feature requires ProtocolLib! Disabling it...
[03-03 09:20:39]: [INFO] AuthMe 5.6.0 build n.CUSTOM successfully enabled!
[03-03 09:20:40]: [INFO] Downloading GEO IP database, because the old database is older than 30 days or doesn't exist
[03-03 09:20:40]: [WARN] No MaxMind credentials found in the configuration file! GeoIp protections will be disabled.
[03-03 09:20:40]: [INFO] There is no newer GEO IP database uploaded to MaxMind. Using the old one for now.
[03-03 09:20:40]: [WARN] Could not download GeoLiteAPI database [FileNotFoundException]: plugins/AuthMe/GeoLite2-Country.mmdb (No such file or directory)
[03-03 09:20:40]: java.io.FileNotFoundException: plugins/AuthMe/GeoLite2-Country.mmdb (No such file or directory)
	at java.base/java.io.RandomAccessFile.open0(Native Method)
	at java.base/java.io.RandomAccessFile.open(RandomAccessFile.java:356)
	at java.base/java.io.RandomAccessFile.<init>(RandomAccessFile.java:273)
	at java.base/java.io.RandomAccessFile.<init>(RandomAccessFile.java:223)
	at AuthMe-5.6.0-legacy.jar//fr.xephi.authme.libs.com.maxmind.db.BufferHolder.<init>(BufferHolder.java:20)
	at AuthMe-5.6.0-legacy.jar//fr.xephi.authme.libs.com.maxmind.db.Reader.<init>(Reader.java:121)
	at AuthMe-5.6.0-legacy.jar//fr.xephi.authme.service.GeoIpService.startReading(GeoIpService.java:179)
	at AuthMe-5.6.0-legacy.jar//fr.xephi.authme.service.GeoIpService.updateDatabase(GeoIpService.java:150)
	at org.bukkit.craftbukkit.scheduler.CraftTask.run(CraftTask.java:78)
	at org.bukkit.craftbukkit.scheduler.CraftAsyncTask.run(CraftAsyncTask.java:57)
	at com.destroystokyo.paper.ServerSchedulerReportingWrapper.run(ServerSchedulerReportingWrapper.java:22)
	at java.base/java.util.concurrent.ThreadPoolExecutor.runWorker(ThreadPoolExecutor.java:1144)
	at java.base/java.util.concurrent.ThreadPoolExecutor$Worker.run(ThreadPoolExecutor.java:642)
	at java.base/java.lang.Thread.run(Thread.java:1583)

[03-03 09:20:52]: [FINE] Zarickson logged in 127.4.64.75
[03-03 09:21:16]: [FINE] Zarickson logged in 127.4.64.75
[03-03 09:21:33]: [FINE] Zarickson logged in 127.4.64.75
[03-03 09:21:43]: [FINE] Zarickson logged in 127.4.64.75
[03-03 09:25:39]: [INFO] AuthMe 5.6.0-bCUSTOM disabled!
[03-03 11:16:18]: [INFO] SQLite Setup finished
[03-03 11:16:18]: [INFO] Hooked into LuckPerms!
[03-03 11:16:18]: [INFO] Hooked successfully into Essentials
[03-03 11:16:18]: [WARN] WARNING! The protectInventory feature requires ProtocolLib! Disabling it...
[03-03 11:16:18]: [INFO] AuthMe 5.6.0 build n.CUSTOM successfully enabled!
[03-03 11:16:19]: [INFO] Downloading GEO IP database, because the old database is older than 30 days or doesn't exist
[03-03 11:16:19]: [WARN] No MaxMind credentials found in the configuration file! GeoIp protections will be disabled.
[03-03 11:16:19]: [INFO] There is no newer GEO IP database uploaded to MaxMind. Using the old one for now.
[03-03 11:16:19]: [WARN] Could not download GeoLiteAPI database [FileNotFoundException]: plugins/AuthMe/GeoLite2-Country.mmdb (No such file or directory)
[03-03 11:16:19]: java.io.FileNotFoundException: plugins/AuthMe/GeoLite2-Country.mmdb (No such file or directory)
	at java.base/java.io.RandomAccessFile.open0(Native Method)
	at java.base/java.io.RandomAccessFile.open(RandomAccessFile.java:356)
	at java.base/java.io.RandomAccessFile.<init>(RandomAccessFile.java:273)
	at java.base/java.io.RandomAccessFile.<init>(RandomAccessFile.java:223)
	at AuthMe-5.6.0-legacy.jar//fr.xephi.authme.libs.com.maxmind.db.BufferHolder.<init>(BufferHolder.java:20)
	at AuthMe-5.6.0-legacy.jar//fr.xephi.authme.libs.com.maxmind.db.Reader.<init>(Reader.java:121)
	at AuthMe-5.6.0-legacy.jar//fr.xephi.authme.service.GeoIpService.startReading(GeoIpService.java:179)
	at AuthMe-5.6.0-legacy.jar//fr.xephi.authme.service.GeoIpService.updateDatabase(GeoIpService.java:150)
	at org.bukkit.craftbukkit.scheduler.CraftTask.run(CraftTask.java:78)
	at org.bukkit.craftbukkit.scheduler.CraftAsyncTask.run(CraftAsyncTask.java:57)
	at com.destroystokyo.paper.ServerSchedulerReportingWrapper.run(ServerSchedulerReportingWrapper.java:22)
	at java.base/java.util.concurrent.ThreadPoolExecutor.runWorker(ThreadPoolExecutor.java:1144)
	at java.base/java.util.concurrent.ThreadPoolExecutor$Worker.run(ThreadPoolExecutor.java:642)
	at java.base/java.lang.Thread.run(Thread.java:1583)

[03-03 11:17:34]: [FINE] Zarickson logged in 127.109.230.223
[03-03 11:45:03]: [FINE] Zarickson logged in 127.109.230.223
[03-03 11:45:08]: [INFO] AuthMe 5.6.0-bCUSTOM disabled!
[03-03 11:46:30]: [INFO] SQLite Setup finished
[03-03 11:46:30]: [INFO] Hooked into LuckPerms!
[03-03 11:46:31]: [INFO] Hooked successfully into Essentials
[03-03 11:46:31]: [WARN] WARNING! The protectInventory feature requires ProtocolLib! Disabling it...
[03-03 11:46:31]: [INFO] AuthMe 5.6.0 build n.CUSTOM successfully enabled!
[03-03 11:46:32]: [INFO] Downloading GEO IP database, because the old database is older than 30 days or doesn't exist
[03-03 11:46:32]: [WARN] No MaxMind credentials found in the configuration file! GeoIp protections will be disabled.
[03-03 11:46:32]: [INFO] There is no newer GEO IP database uploaded to MaxMind. Using the old one for now.
[03-03 11:46:32]: [WARN] Could not download GeoLiteAPI database [FileNotFoundException]: plugins/AuthMe/GeoLite2-Country.mmdb (No such file or directory)
[03-03 11:46:32]: java.io.FileNotFoundException: plugins/AuthMe/GeoLite2-Country.mmdb (No such file or directory)
	at java.base/java.io.RandomAccessFile.open0(Native Method)
	at java.base/java.io.RandomAccessFile.open(RandomAccessFile.java:356)
	at java.base/java.io.RandomAccessFile.<init>(RandomAccessFile.java:273)
	at java.base/java.io.RandomAccessFile.<init>(RandomAccessFile.java:223)
	at AuthMe-5.6.0-legacy.jar//fr.xephi.authme.libs.com.maxmind.db.BufferHolder.<init>(BufferHolder.java:20)
	at AuthMe-5.6.0-legacy.jar//fr.xephi.authme.libs.com.maxmind.db.Reader.<init>(Reader.java:121)
	at AuthMe-5.6.0-legacy.jar//fr.xephi.authme.service.GeoIpService.startReading(GeoIpService.java:179)
	at AuthMe-5.6.0-legacy.jar//fr.xephi.authme.service.GeoIpService.updateDatabase(GeoIpService.java:150)
	at org.bukkit.craftbukkit.scheduler.CraftTask.run(CraftTask.java:78)
	at org.bukkit.craftbukkit.scheduler.CraftAsyncTask.run(CraftAsyncTask.java:57)
	at com.destroystokyo.paper.ServerSchedulerReportingWrapper.run(ServerSchedulerReportingWrapper.java:22)
	at java.base/java.util.concurrent.ThreadPoolExecutor.runWorker(ThreadPoolExecutor.java:1144)
	at java.base/java.util.concurrent.ThreadPoolExecutor$Worker.run(ThreadPoolExecutor.java:642)
	at java.base/java.lang.Thread.run(Thread.java:1583)

[03-03 11:47:12]: [FINE] Zarickson logged in 127.109.230.223
[03-03 12:22:16]: [INFO] AuthMe 5.6.0-bCUSTOM disabled!
[03-03 14:10:55]: [INFO] SQLite Setup finished
[03-03 14:10:56]: [INFO] Hooked into LuckPerms!
[03-03 14:10:56]: [INFO] Hooked successfully into Essentials
[03-03 14:10:56]: [WARN] WARNING! The protectInventory feature requires ProtocolLib! Disabling it...
[03-03 14:10:56]: [INFO] AuthMe 5.6.0 build n.CUSTOM successfully enabled!
[03-03 14:10:57]: [INFO] Downloading GEO IP database, because the old database is older than 30 days or doesn't exist
[03-03 14:10:57]: [WARN] No MaxMind credentials found in the configuration file! GeoIp protections will be disabled.
[03-03 14:10:57]: [INFO] There is no newer GEO IP database uploaded to MaxMind. Using the old one for now.
[03-03 14:10:57]: [WARN] Could not download GeoLiteAPI database [FileNotFoundException]: plugins/AuthMe/GeoLite2-Country.mmdb (No such file or directory)
[03-03 14:10:57]: java.io.FileNotFoundException: plugins/AuthMe/GeoLite2-Country.mmdb (No such file or directory)
	at java.base/java.io.RandomAccessFile.open0(Native Method)
	at java.base/java.io.RandomAccessFile.open(RandomAccessFile.java:356)
	at java.base/java.io.RandomAccessFile.<init>(RandomAccessFile.java:273)
	at java.base/java.io.RandomAccessFile.<init>(RandomAccessFile.java:223)
	at AuthMe-5.6.0-legacy.jar//fr.xephi.authme.libs.com.maxmind.db.BufferHolder.<init>(BufferHolder.java:20)
	at AuthMe-5.6.0-legacy.jar//fr.xephi.authme.libs.com.maxmind.db.Reader.<init>(Reader.java:121)
	at AuthMe-5.6.0-legacy.jar//fr.xephi.authme.service.GeoIpService.startReading(GeoIpService.java:179)
	at AuthMe-5.6.0-legacy.jar//fr.xephi.authme.service.GeoIpService.updateDatabase(GeoIpService.java:150)
	at org.bukkit.craftbukkit.scheduler.CraftTask.run(CraftTask.java:78)
	at org.bukkit.craftbukkit.scheduler.CraftAsyncTask.run(CraftAsyncTask.java:57)
	at com.destroystokyo.paper.ServerSchedulerReportingWrapper.run(ServerSchedulerReportingWrapper.java:22)
	at java.base/java.util.concurrent.ThreadPoolExecutor.runWorker(ThreadPoolExecutor.java:1144)
	at java.base/java.util.concurrent.ThreadPoolExecutor$Worker.run(ThreadPoolExecutor.java:642)
	at java.base/java.lang.Thread.run(Thread.java:1583)

[03-03 14:12:02]: [FINE] Zarickson logged in 127.109.230.223
[03-03 14:17:15]: [FINE] Zarickson logged in 127.117.64.163
[03-03 14:17:26]: [FINE] Quesitos logged in 127.66.197.61
[03-03 14:26:21]: [FINE] Zarickson logged in 127.4.64.75
[03-03 14:28:05]: [FINE] Quesitos used the wrong password
[03-03 14:28:17]: [FINE] Quesitos logged in 127.66.197.61
[03-03 14:51:06]: [FINE] Quesitos logged in 127.66.197.61
[03-03 14:51:09]: [FINE] Zarickson logged in 127.4.64.75
[03-03 14:53:44]: [FINE] Zarickson logged in 127.4.64.75
[03-03 14:53:59]: [FINE] Quesitos logged in 127.66.197.61
[03-03 15:45:05]: [FINE] Zarickson logged in 127.4.64.75
[03-03 15:46:38]: [INFO] Vault plugin enabled, dynamically updating permissions hooks!
[03-03 15:46:38]: [INFO] Hooked into LuckPerms!
[03-03 16:19:40]: [INFO] Vault plugin disabled, updating hooks!
[03-03 16:19:40]: [INFO] Hooked into LuckPerms!
[03-03 16:19:40]: [INFO] AuthMe 5.6.0-bCUSTOM disabled!
[03-03 16:21:07]: [INFO] SQLite Setup finished
[03-03 16:21:07]: [INFO] Hooked into LuckPerms!
[03-03 16:21:07]: [INFO] Hooked successfully into Essentials
[03-03 16:21:07]: [WARN] WARNING! The protectInventory feature requires ProtocolLib! Disabling it...
[03-03 16:21:08]: [INFO] AuthMe 5.6.0 build n.CUSTOM successfully enabled!
[03-03 16:21:09]: [INFO] Downloading GEO IP database, because the old database is older than 30 days or doesn't exist
[03-03 16:21:09]: [WARN] No MaxMind credentials found in the configuration file! GeoIp protections will be disabled.
[03-03 16:21:09]: [INFO] There is no newer GEO IP database uploaded to MaxMind. Using the old one for now.
[03-03 16:21:09]: [WARN] Could not download GeoLiteAPI database [FileNotFoundException]: plugins/AuthMe/GeoLite2-Country.mmdb (No such file or directory)
[03-03 16:21:09]: java.io.FileNotFoundException: plugins/AuthMe/GeoLite2-Country.mmdb (No such file or directory)
	at java.base/java.io.RandomAccessFile.open0(Native Method)
	at java.base/java.io.RandomAccessFile.open(RandomAccessFile.java:356)
	at java.base/java.io.RandomAccessFile.<init>(RandomAccessFile.java:273)
	at java.base/java.io.RandomAccessFile.<init>(RandomAccessFile.java:223)
	at AuthMe-5.6.0-legacy.jar//fr.xephi.authme.libs.com.maxmind.db.BufferHolder.<init>(BufferHolder.java:20)
	at AuthMe-5.6.0-legacy.jar//fr.xephi.authme.libs.com.maxmind.db.Reader.<init>(Reader.java:121)
	at AuthMe-5.6.0-legacy.jar//fr.xephi.authme.service.GeoIpService.startReading(GeoIpService.java:179)
	at AuthMe-5.6.0-legacy.jar//fr.xephi.authme.service.GeoIpService.updateDatabase(GeoIpService.java:150)
	at org.bukkit.craftbukkit.scheduler.CraftTask.run(CraftTask.java:78)
	at org.bukkit.craftbukkit.scheduler.CraftAsyncTask.run(CraftAsyncTask.java:57)
	at com.destroystokyo.paper.ServerSchedulerReportingWrapper.run(ServerSchedulerReportingWrapper.java:22)
	at java.base/java.util.concurrent.ThreadPoolExecutor.runWorker(ThreadPoolExecutor.java:1144)
	at java.base/java.util.concurrent.ThreadPoolExecutor$Worker.run(ThreadPoolExecutor.java:642)
	at java.base/java.lang.Thread.run(Thread.java:1583)

[03-03 16:21:23]: [FINE] Zarickson logged in 127.4.64.75
[03-03 16:23:08]: [FINE] Quesitos logged in 127.66.197.61
