03.03.2025 - 16:42:19 - [TAB v5.0.7] Player placeholder %betterteams_color% generated an error when setting for player Quesitos
03.03.2025 - 16:42:19 - java.lang.NullPointerException: Cannot invoke "com.booksaw.betterTeams.team.TeamManager.getTeam(org.bukkit.OfflinePlayer)" because "com.booksaw.betterTeams.Team.TEAMMANAGER" is null
03.03.2025 - 16:42:19 - 	at BetterTeams-4.11.0-1741019413651.jar//com.booksaw.betterTeams.Team.getTeam(Team.java:74)
03.03.2025 - 16:42:19 - 	at BetterTeams-4.11.0-1741019413651.jar//com.booksaw.betterTeams.integrations.placeholder.TeamPlaceholders.onPlaceholderRequest(TeamPlaceholders.java:81)
03.03.2025 - 16:42:19 - 	at PlaceholderAPI-2.11.6.jar//me.clip.placeholderapi.PlaceholderHook.onRequest(PlaceholderHook.java:32)
03.03.2025 - 16:42:19 - 	at PlaceholderAPI-2.11.6.jar//me.clip.placeholderapi.replacer.CharsReplacer.apply(CharsReplacer.java:119)
03.03.2025 - 16:42:19 - 	at PlaceholderAPI-2.11.6.jar//me.clip.placeholderapi.PlaceholderAPI.setPlaceholders(PlaceholderAPI.java:71)
03.03.2025 - 16:42:19 - 	at PlaceholderAPI-2.11.6.jar//me.clip.placeholderapi.PlaceholderAPI.setPlaceholders(PlaceholderAPI.java:99)
03.03.2025 - 16:42:19 - 	at TAB v5.0.7-1741019212069.jar//me.neznamy.tab.platforms.bukkit.platform.BukkitPlatform.lambda$registerUnknownPlaceholder$7(BukkitPlatform.java:181)
03.03.2025 - 16:42:19 - 	at TAB v5.0.7-1741019212069.jar//me.neznamy.tab.shared.placeholders.types.PlayerPlaceholderImpl.request(PlayerPlaceholderImpl.java:153)
03.03.2025 - 16:42:19 - 	at TAB v5.0.7-1741019212069.jar//me.neznamy.tab.shared.placeholders.PlaceholderRefreshTask.run(PlaceholderRefreshTask.java:59)
03.03.2025 - 16:42:19 - 	at TAB v5.0.7-1741019212069.jar//me.neznamy.tab.shared.features.PlaceholderManagerImpl.lambda$refresh$1(PlaceholderManagerImpl.java:89)
03.03.2025 - 16:42:19 - 	at TAB v5.0.7-1741019212069.jar//me.neznamy.tab.shared.cpu.TimedCaughtTask.run(TimedCaughtTask.java:28)
03.03.2025 - 16:42:19 - 	at java.base/java.util.concurrent.Executors$RunnableAdapter.call(Executors.java:572)
03.03.2025 - 16:42:19 - 	at java.base/java.util.concurrent.FutureTask.run(FutureTask.java:317)
03.03.2025 - 16:42:19 - 	at java.base/java.util.concurrent.ScheduledThreadPoolExecutor$ScheduledFutureTask.run(ScheduledThreadPoolExecutor.java:304)
03.03.2025 - 16:42:19 - 	at java.base/java.util.concurrent.ThreadPoolExecutor.runWorker(ThreadPoolExecutor.java:1144)
03.03.2025 - 16:42:19 - 	at java.base/java.util.concurrent.ThreadPoolExecutor$Worker.run(ThreadPoolExecutor.java:642)
03.03.2025 - 16:42:19 - 	at java.base/java.lang.Thread.run(Thread.java:1583)
03.03.2025 - 16:42:19 - [TAB v5.0.7] Player placeholder %betterteams_color% generated an error when setting for player Zarickson
03.03.2025 - 16:42:19 - java.lang.NullPointerException: Cannot invoke "com.booksaw.betterTeams.team.TeamManager.getTeam(org.bukkit.OfflinePlayer)" because "com.booksaw.betterTeams.Team.TEAMMANAGER" is null
03.03.2025 - 16:42:19 - 	at BetterTeams-4.11.0-1741019413651.jar//com.booksaw.betterTeams.Team.getTeam(Team.java:74)
03.03.2025 - 16:42:19 - 	at BetterTeams-4.11.0-1741019413651.jar//com.booksaw.betterTeams.integrations.placeholder.TeamPlaceholders.onPlaceholderRequest(TeamPlaceholders.java:81)
03.03.2025 - 16:42:19 - 	at PlaceholderAPI-2.11.6.jar//me.clip.placeholderapi.PlaceholderHook.onRequest(PlaceholderHook.java:32)
03.03.2025 - 16:42:19 - 	at PlaceholderAPI-2.11.6.jar//me.clip.placeholderapi.replacer.CharsReplacer.apply(CharsReplacer.java:119)
03.03.2025 - 16:42:19 - 	at PlaceholderAPI-2.11.6.jar//me.clip.placeholderapi.PlaceholderAPI.setPlaceholders(PlaceholderAPI.java:71)
03.03.2025 - 16:42:19 - 	at PlaceholderAPI-2.11.6.jar//me.clip.placeholderapi.PlaceholderAPI.setPlaceholders(PlaceholderAPI.java:99)
03.03.2025 - 16:42:19 - 	at TAB v5.0.7-1741019212069.jar//me.neznamy.tab.platforms.bukkit.platform.BukkitPlatform.lambda$registerUnknownPlaceholder$7(BukkitPlatform.java:181)
03.03.2025 - 16:42:19 - 	at TAB v5.0.7-1741019212069.jar//me.neznamy.tab.shared.placeholders.types.PlayerPlaceholderImpl.request(PlayerPlaceholderImpl.java:153)
03.03.2025 - 16:42:19 - 	at TAB v5.0.7-1741019212069.jar//me.neznamy.tab.shared.placeholders.PlaceholderRefreshTask.run(PlaceholderRefreshTask.java:59)
03.03.2025 - 16:42:19 - 	at TAB v5.0.7-1741019212069.jar//me.neznamy.tab.shared.features.PlaceholderManagerImpl.lambda$refresh$1(PlaceholderManagerImpl.java:89)
03.03.2025 - 16:42:19 - 	at TAB v5.0.7-1741019212069.jar//me.neznamy.tab.shared.cpu.TimedCaughtTask.run(TimedCaughtTask.java:28)
03.03.2025 - 16:42:19 - 	at java.base/java.util.concurrent.Executors$RunnableAdapter.call(Executors.java:572)
03.03.2025 - 16:42:19 - 	at java.base/java.util.concurrent.FutureTask.run(FutureTask.java:317)
03.03.2025 - 16:42:19 - 	at java.base/java.util.concurrent.ScheduledThreadPoolExecutor$ScheduledFutureTask.run(ScheduledThreadPoolExecutor.java:304)
03.03.2025 - 16:42:19 - 	at java.base/java.util.concurrent.ThreadPoolExecutor.runWorker(ThreadPoolExecutor.java:1144)
03.03.2025 - 16:42:19 - 	at java.base/java.util.concurrent.ThreadPoolExecutor$Worker.run(ThreadPoolExecutor.java:642)
03.03.2025 - 16:42:19 - 	at java.base/java.lang.Thread.run(Thread.java:1583)
03.03.2025 - 16:42:19 - [TAB v5.0.7] Player placeholder %betterteams_name% generated an error when setting for player Quesitos
03.03.2025 - 16:42:19 - java.lang.NullPointerException: Cannot invoke "com.booksaw.betterTeams.team.TeamManager.getTeam(org.bukkit.OfflinePlayer)" because "com.booksaw.betterTeams.Team.TEAMMANAGER" is null
03.03.2025 - 16:42:19 - 	at BetterTeams-4.11.0-1741019413651.jar//com.booksaw.betterTeams.Team.getTeam(Team.java:74)
03.03.2025 - 16:42:19 - 	at BetterTeams-4.11.0-1741019413651.jar//com.booksaw.betterTeams.integrations.placeholder.TeamPlaceholders.onPlaceholderRequest(TeamPlaceholders.java:81)
03.03.2025 - 16:42:19 - 	at PlaceholderAPI-2.11.6.jar//me.clip.placeholderapi.PlaceholderHook.onRequest(PlaceholderHook.java:32)
03.03.2025 - 16:42:19 - 	at PlaceholderAPI-2.11.6.jar//me.clip.placeholderapi.replacer.CharsReplacer.apply(CharsReplacer.java:119)
03.03.2025 - 16:42:19 - 	at PlaceholderAPI-2.11.6.jar//me.clip.placeholderapi.PlaceholderAPI.setPlaceholders(PlaceholderAPI.java:71)
03.03.2025 - 16:42:19 - 	at PlaceholderAPI-2.11.6.jar//me.clip.placeholderapi.PlaceholderAPI.setPlaceholders(PlaceholderAPI.java:99)
03.03.2025 - 16:42:19 - 	at TAB v5.0.7-1741019212069.jar//me.neznamy.tab.platforms.bukkit.platform.BukkitPlatform.lambda$registerUnknownPlaceholder$7(BukkitPlatform.java:181)
03.03.2025 - 16:42:19 - 	at TAB v5.0.7-1741019212069.jar//me.neznamy.tab.shared.placeholders.types.PlayerPlaceholderImpl.request(PlayerPlaceholderImpl.java:153)
03.03.2025 - 16:42:19 - 	at TAB v5.0.7-1741019212069.jar//me.neznamy.tab.shared.placeholders.PlaceholderRefreshTask.run(PlaceholderRefreshTask.java:59)
03.03.2025 - 16:42:19 - 	at TAB v5.0.7-1741019212069.jar//me.neznamy.tab.shared.features.PlaceholderManagerImpl.lambda$refresh$1(PlaceholderManagerImpl.java:89)
03.03.2025 - 16:42:19 - 	at TAB v5.0.7-1741019212069.jar//me.neznamy.tab.shared.cpu.TimedCaughtTask.run(TimedCaughtTask.java:28)
03.03.2025 - 16:42:19 - 	at java.base/java.util.concurrent.Executors$RunnableAdapter.call(Executors.java:572)
03.03.2025 - 16:42:19 - 	at java.base/java.util.concurrent.FutureTask.run(FutureTask.java:317)
03.03.2025 - 16:42:19 - 	at java.base/java.util.concurrent.ScheduledThreadPoolExecutor$ScheduledFutureTask.run(ScheduledThreadPoolExecutor.java:304)
03.03.2025 - 16:42:19 - 	at java.base/java.util.concurrent.ThreadPoolExecutor.runWorker(ThreadPoolExecutor.java:1144)
03.03.2025 - 16:42:19 - 	at java.base/java.util.concurrent.ThreadPoolExecutor$Worker.run(ThreadPoolExecutor.java:642)
03.03.2025 - 16:42:19 - 	at java.base/java.lang.Thread.run(Thread.java:1583)
03.03.2025 - 16:42:19 - [TAB v5.0.7] Player placeholder %betterteams_name% generated an error when setting for player Zarickson
03.03.2025 - 16:42:19 - java.lang.NullPointerException: Cannot invoke "com.booksaw.betterTeams.team.TeamManager.getTeam(org.bukkit.OfflinePlayer)" because "com.booksaw.betterTeams.Team.TEAMMANAGER" is null
03.03.2025 - 16:42:19 - 	at BetterTeams-4.11.0-1741019413651.jar//com.booksaw.betterTeams.Team.getTeam(Team.java:74)
03.03.2025 - 16:42:19 - 	at BetterTeams-4.11.0-1741019413651.jar//com.booksaw.betterTeams.integrations.placeholder.TeamPlaceholders.onPlaceholderRequest(TeamPlaceholders.java:81)
03.03.2025 - 16:42:19 - 	at PlaceholderAPI-2.11.6.jar//me.clip.placeholderapi.PlaceholderHook.onRequest(PlaceholderHook.java:32)
03.03.2025 - 16:42:19 - 	at PlaceholderAPI-2.11.6.jar//me.clip.placeholderapi.replacer.CharsReplacer.apply(CharsReplacer.java:119)
03.03.2025 - 16:42:19 - 	at PlaceholderAPI-2.11.6.jar//me.clip.placeholderapi.PlaceholderAPI.setPlaceholders(PlaceholderAPI.java:71)
03.03.2025 - 16:42:19 - 	at PlaceholderAPI-2.11.6.jar//me.clip.placeholderapi.PlaceholderAPI.setPlaceholders(PlaceholderAPI.java:99)
03.03.2025 - 16:42:19 - 	at TAB v5.0.7-1741019212069.jar//me.neznamy.tab.platforms.bukkit.platform.BukkitPlatform.lambda$registerUnknownPlaceholder$7(BukkitPlatform.java:181)
03.03.2025 - 16:42:19 - 	at TAB v5.0.7-1741019212069.jar//me.neznamy.tab.shared.placeholders.types.PlayerPlaceholderImpl.request(PlayerPlaceholderImpl.java:153)
03.03.2025 - 16:42:19 - 	at TAB v5.0.7-1741019212069.jar//me.neznamy.tab.shared.placeholders.PlaceholderRefreshTask.run(PlaceholderRefreshTask.java:59)
03.03.2025 - 16:42:19 - 	at TAB v5.0.7-1741019212069.jar//me.neznamy.tab.shared.features.PlaceholderManagerImpl.lambda$refresh$1(PlaceholderManagerImpl.java:89)
03.03.2025 - 16:42:19 - 	at TAB v5.0.7-1741019212069.jar//me.neznamy.tab.shared.cpu.TimedCaughtTask.run(TimedCaughtTask.java:28)
03.03.2025 - 16:42:19 - 	at java.base/java.util.concurrent.Executors$RunnableAdapter.call(Executors.java:572)
03.03.2025 - 16:42:19 - 	at java.base/java.util.concurrent.FutureTask.run(FutureTask.java:317)
03.03.2025 - 16:42:19 - 	at java.base/java.util.concurrent.ScheduledThreadPoolExecutor$ScheduledFutureTask.run(ScheduledThreadPoolExecutor.java:304)
03.03.2025 - 16:42:19 - 	at java.base/java.util.concurrent.ThreadPoolExecutor.runWorker(ThreadPoolExecutor.java:1144)
03.03.2025 - 16:42:19 - 	at java.base/java.util.concurrent.ThreadPoolExecutor$Worker.run(ThreadPoolExecutor.java:642)
03.03.2025 - 16:42:19 - 	at java.base/java.lang.Thread.run(Thread.java:1583)
