[18:05:08] [ServerMain/INFO]: [bootstrap] Running Java 21 (OpenJDK 64-Bit Server VM 21.0.6+7-Ubuntu-120.04.1; Ubuntu null) on Linux 6.5.0-1025-azure (amd64)
[18:05:08] [ServerMain/INFO]: [bootstrap] Loading Paper 1.21.4-187-main@1d5e5a5 (2025-02-28T19:53:30Z) for Minecraft 1.21.4
[18:05:08] [ServerMain/INFO]: [PluginInitializerManager] Initializing plugins...
[18:05:09] [ServerMain/INFO]: [PluginInitializerManager] Initialized 29 plugins
[18:05:09] [ServerMain/INFO]: [PluginInitializerManager] Bukkit plugins (29):
 - AuthMe (5.6.0-bCUSTOM), BetterTeams (4.11.0), ChatManager (4.0.3), Chunky (1.4.28), DiscordSRV (1.29.0), EntityOptimizer (1.0), Essentials (2.21.0-dev+167-4e64782), EssentialsSpawn (2.21.0-dev+167-4e64782), FakeLogin (1.0), HerobrineTroll (1.0), ItemFrameDuplicator (1.0), LightningHoe (1.0), LuckPerms (5.4.156), NetheriteLightning (1.0), NoPluginsv2 (2.0), NoSleep (1.0), PlaceholderAPI (2.11.6), PlugManX (2.4.1), PrivateWarps (1.0), RPGHealthDisplay (1.0), TAB (5.0.7), TrollMaster (1.0), Vault (1.7.3-b131), ViaBackwards (5.2.1), ViaRewind (4.0.5), ViaVersion (5.2.1), WorldEdit (7.3.10+7004-768a436), WorldGuard (7.0.13+82fdc65), voicechat (2.5.26)
[18:05:14] [ServerMain/INFO]: Environment: Environment[sessionHost=https://sessionserver.mojang.com, servicesHost=https://api.minecraftservices.com, name=PROD]
[18:05:16] [ServerMain/INFO]: Loaded 1370 recipes
[18:05:16] [ServerMain/INFO]: Loaded 1481 advancements
[18:05:16] [ServerMain/INFO]: [MCTypeRegistry] Initialising converters for DataConverter...
[18:05:16] [ServerMain/INFO]: [MCTypeRegistry] Finished initialising converters for DataConverter in 214.1ms
[18:05:16] [Server thread/INFO]: Starting minecraft server version 1.21.4
[18:05:16] [Server thread/INFO]: Loading properties
[18:05:16] [Server thread/INFO]: This server is running Paper version 1.21.4-187-main@1d5e5a5 (2025-02-28T19:53:30Z) (Implementing API version 1.21.4-R0.1-SNAPSHOT)
[18:05:16] [Server thread/INFO]: [spark] This server bundles the spark profiler. For more information please visit https://docs.papermc.io/paper/profiling
[18:05:16] [Server thread/INFO]: Server Ping Player Sample Count: 12
[18:05:16] [Server thread/INFO]: Using 4 threads for Netty based IO
[18:05:17] [Server thread/INFO]: [MoonriseCommon] Paper is using 1 worker threads, 1 I/O threads
[18:05:17] [Server thread/INFO]: [ChunkTaskScheduler] Chunk system is using population gen parallelism: true
[18:05:17] [Server thread/INFO]: Default game type: SURVIVAL
[18:05:17] [Server thread/INFO]: Generating keypair
[18:05:17] [Server thread/INFO]: Starting Minecraft server on *:25565
[18:05:17] [Server thread/INFO]: Using epoll channel type
[18:05:17] [Server thread/INFO]: Paper: Using libdeflate (Linux x86_64) compression from Velocity.
[18:05:17] [Server thread/INFO]: Paper: Using OpenSSL 1.1.x (Linux x86_64) cipher from Velocity.
[18:05:18] [Server thread/WARN]: [org.bukkit.craftbukkit.legacy.CraftLegacy] Initializing Legacy Material Support. Unless you have legacy plugins and/or data this is a bug!
[18:05:26] [Server thread/WARN]: Legacy plugin PrivateWarps v1.0 does not specify an api-version.
[18:05:26] [Server thread/WARN]: Legacy plugin FakeLogin v1.0 does not specify an api-version.
[18:05:26] [Server thread/INFO]: [ViaVersion] Loading server plugin ViaVersion v5.2.1
[18:05:26] [Server thread/INFO]: [ViaVersion] ViaVersion 5.2.1 is now loaded. Registering protocol transformers and injecting...
[18:05:26] [Via-Mappingloader-0/INFO]: [ViaVersion] Loading block connection mappings ...
[18:05:26] [Via-Mappingloader-0/INFO]: [ViaVersion] Using FastUtil Long2ObjectOpenHashMap for block connections
[18:05:27] [Server thread/INFO]: [ViaBackwards] Loading translations...
[18:05:27] [Server thread/INFO]: [ViaBackwards] Registering protocols...
[18:05:27] [Server thread/INFO]: [ViaRewind] Registering protocols...
[18:05:27] [Server thread/INFO]: [LuckPerms] Loading server plugin LuckPerms v5.4.156
[18:05:27] [Server thread/INFO]: [Vault] Loading server plugin Vault v1.7.3-b131
[18:05:27] [Server thread/INFO]: [Essentials] Loading server plugin Essentials v2.21.0-dev+167-4e64782
[18:05:27] [Server thread/INFO]: [ViaBackwards] Loading server plugin ViaBackwards v5.2.1
[18:05:27] [Server thread/INFO]: [WorldEdit] Loading server plugin WorldEdit v7.3.10+7004-768a436
[18:05:28] [Server thread/INFO]: Got request to register class com.sk89q.worldedit.bukkit.BukkitServerInterface with WorldEdit [com.sk89q.worldedit.extension.platform.PlatformManager@5971dbb4]
[18:05:28] [Server thread/INFO]: [EssentialsSpawn] Loading server plugin EssentialsSpawn v2.21.0-dev+167-4e64782
[18:05:28] [Server thread/INFO]: [PlaceholderAPI] Loading server plugin PlaceholderAPI v2.11.6
[18:05:28] [Server thread/INFO]: [ViaRewind] Loading server plugin ViaRewind v4.0.5
[18:05:28] [Server thread/INFO]: [WorldGuard] Loading server plugin WorldGuard v7.0.13+82fdc65
[18:05:28] [Server thread/INFO]: [AuthMe] Loading server plugin AuthMe v5.6.0-bCUSTOM
[18:05:28] [Server thread/INFO]: [PlugManX] Loading server plugin PlugManX v2.4.1
[18:05:28] [Server thread/INFO]: [HerobrineTroll] Loading server plugin HerobrineTroll v1.0
[18:05:28] [Server thread/INFO]: [NoSleep] Loading server plugin NoSleep v1.0
[18:05:28] [Server thread/INFO]: [TrollMaster] Loading server plugin TrollMaster v1.0
[18:05:28] [Server thread/INFO]: [TAB] Loading server plugin TAB v5.0.7
[18:05:28] [Server thread/INFO]: [BetterTeams] Loading server plugin BetterTeams v4.11.0
[18:05:28] [Server thread/INFO]: [BetterTeams] Checking if the file config.yml is up to date
[18:05:28] [Server thread/INFO]: [BetterTeams] File is up to date
[18:05:28] [Server thread/INFO]: [PrivateWarps] Loading server plugin PrivateWarps v1.0
[18:05:28] [Server thread/INFO]: [voicechat] Loading server plugin voicechat v2.5.26
[18:05:28] [Server thread/INFO]: [ChatManager] Loading server plugin ChatManager v4.0.3
[18:05:28] [Server thread/INFO]: [RPGHealthDisplay] Loading server plugin RPGHealthDisplay v1.0
[18:05:28] [Server thread/INFO]: [DiscordSRV] Loading server plugin DiscordSRV v1.29.0
[18:05:28] [Server thread/INFO]: [ItemFrameDuplicator] Loading server plugin ItemFrameDuplicator v1.0
[18:05:28] [Server thread/INFO]: [LightningHoe] Loading server plugin LightningHoe v1.0
[18:05:28] [Server thread/INFO]: [FakeLogin] Loading server plugin FakeLogin v1.0
[18:05:28] [Server thread/INFO]: [NoPluginsv2] Loading server plugin NoPluginsv2 v2.0
[18:05:28] [Server thread/INFO]: [Chunky] Loading server plugin Chunky v1.4.28
[18:05:28] [Server thread/INFO]: [NetheriteLightning] Loading server plugin NetheriteLightning v1.0
[18:05:28] [Server thread/INFO]: [EntityOptimizer] Loading server plugin EntityOptimizer v1.0
[18:05:28] [Server thread/INFO]: Server permissions file permissions.yml is empty, ignoring it
[18:05:28] [Server thread/INFO]: [LuckPerms] Enabling LuckPerms v5.4.156
[18:05:28] [Server thread/INFO]:         __    
[18:05:28] [Server thread/INFO]:   |    |__)   LuckPerms v5.4.156
[18:05:28] [Server thread/INFO]:   |___ |      Running on Bukkit - Paper
[18:05:28] [Server thread/INFO]: 
[18:05:28] [Server thread/INFO]: [LuckPerms] Loading configuration...
[18:05:29] [Server thread/INFO]: [LuckPerms] Loading storage provider... [H2]
[18:05:29] [Server thread/INFO]: [LuckPerms] Loading internal permission managers...
[18:05:29] [Server thread/INFO]: [LuckPerms] Performing initial data load...
[18:05:29] [Server thread/INFO]: [LuckPerms] Successfully enabled. (took 1382ms)
[18:05:29] [Server thread/INFO]: [Vault] Enabling Vault v1.7.3-b131
[18:05:29] [Server thread/INFO]: [Vault] [Economy] Essentials Economy found: Waiting
[18:05:30] [Server thread/INFO]: [Vault] [Permission] SuperPermissions loaded as backup permission system.
[18:05:30] [Server thread/INFO]: [Vault] Enabled Version 1.7.3-b131
[18:05:30] [Server thread/INFO]: [LuckPerms] Registered Vault permission & chat hook.
[18:05:30] [Server thread/INFO]: [WorldEdit] Enabling WorldEdit v7.3.10+7004-768a436
[18:05:30] [Server thread/INFO]: Registering commands with com.sk89q.worldedit.bukkit.BukkitServerInterface
[18:05:30] [Server thread/INFO]: WEPIF: Vault detected! Using Vault for permissions
[18:05:30] [Server thread/INFO]: Using com.sk89q.worldedit.bukkit.adapter.impl.v1_21_4.PaperweightAdapter as the Bukkit adapter
[18:05:31] [Server thread/INFO]: [ViaRewind] Enabling ViaRewind v4.0.5
[18:05:31] [Server thread/INFO]: [PlugManX] Enabling PlugManX v2.4.1
[18:05:31] [Server thread/WARN]: [PlugManX] ~~~~~~~~~~~~~~~~~~~~~~~~~~~~~~~~~~~~~~~~~~~~~~~~~~~~~~~~~~~~~~~~~~~~~~
[18:05:31] [Server thread/WARN]: [PlugManX] It seems like you're running on paper.
[18:05:31] [Server thread/WARN]: [PlugManX] PlugManX cannot interact with paper-plugins, yet.
[18:05:31] [Server thread/WARN]: [PlugManX] Also, if you encounter any issues, please join my discord: https://discord.gg/GxEFhVY6ff
[18:05:31] [Server thread/WARN]: [PlugManX] Or create an issue on GitHub: https://github.com/TheBlackEntity/PlugMan
[18:05:31] [Server thread/WARN]: [PlugManX] ~~~~~~~~~~~~~~~~~~~~~~~~~~~~~~~~~~~~~~~~~~~~~~~~~~~~~~~~~~~~~~~~~~~~~~
[18:05:31] [Server thread/WARN]: **** SERVER IS RUNNING IN OFFLINE/INSECURE MODE!
[18:05:31] [Server thread/WARN]: The server will make no attempt to authenticate usernames. Beware.
[18:05:31] [Server thread/WARN]: While this makes the game possible to play without internet access, it also opens up the ability for hackers to connect with any username they choose.
[18:05:31] [Server thread/WARN]: To change this, set "online-mode" to "true" in the server.properties file.
[18:05:31] [Server thread/INFO]: Preparing level "world"
[18:05:32] [Server thread/INFO]: Preparing start region for dimension minecraft:overworld
[18:05:32] [Server thread/INFO]: Preparing spawn area: 0%
[18:05:32] [Server thread/INFO]: Preparing spawn area: 10%
[18:05:33] [Server thread/INFO]: Preparing spawn area: 14%
[18:05:33] [Server thread/INFO]: Time elapsed: 1101 ms
[18:05:33] [Server thread/INFO]: Preparing start region for dimension minecraft:the_nether
[18:05:33] [Server thread/INFO]: Preparing spawn area: 0%
[18:05:33] [Server thread/INFO]: Time elapsed: 197 ms
[18:05:33] [Server thread/INFO]: Preparing start region for dimension minecraft:the_end
[18:05:33] [Server thread/INFO]: Preparing spawn area: 0%
[18:05:33] [Server thread/INFO]: Time elapsed: 87 ms
[18:05:33] [Server thread/INFO]: [ViaVersion] Enabling ViaVersion v5.2.1
[18:05:33] [Server thread/INFO]: [ViaVersion] ViaVersion detected server version: 1.21.4 (769)
[18:05:33] [Server thread/INFO]: [Essentials] Enabling Essentials v2.21.0-dev+167-4e64782
[18:05:34] [Server thread/INFO]: [Essentials] Attempting to convert old kits in config.yml to new kits.yml
[18:05:34] [Server thread/INFO]: [Essentials] No kits found to migrate.
[18:05:34] [Server thread/INFO]: [Essentials] Selected 1.12.2+ Player Locale Provider as the provider for PlayerLocaleProvider
[18:05:34] [Server thread/INFO]: [Essentials] Selected 1.11+ Item Unbreakable Provider as the provider for ItemUnbreakableProvider
[18:05:34] [Server thread/INFO]: [Essentials] Selected 1.14+ Sign Data Provider as the provider for SignDataProvider
[18:05:34] [Server thread/INFO]: [Essentials] Selected Paper Serialization Provider as the provider for SerializationProvider
[18:05:34] [Server thread/INFO]: [Essentials] Selected 1.8.3+ Spawner Item Provider as the provider for SpawnerItemProvider
[18:05:34] [Server thread/INFO]: [Essentials] Selected 1.20.5+ Banner Data Provider as the provider for BannerDataProvider
[18:05:34] [Server thread/INFO]: [Essentials] Selected Paper Material Tag Provider as the provider for MaterialTagProvider
[18:05:34] [Server thread/INFO]: [Essentials] Selected Paper Biome Key Provider as the provider for BiomeKeyProvider
[18:05:34] [Server thread/INFO]: [Essentials] Selected Reflection Sync Commands Provider as the provider for SyncCommandsProvider
[18:05:34] [Server thread/INFO]: [Essentials] Selected 1.20.4+ Damage Event Provider as the provider for DamageEventProvider
[18:05:34] [Server thread/INFO]: [Essentials] Selected 1.17.1+ World Info Provider as the provider for WorldInfoProvider
[18:05:34] [Server thread/INFO]: [Essentials] Selected Paper Container Provider as the provider for ContainerProvider
[18:05:34] [Server thread/INFO]: [Essentials] Selected 1.20.6+ Potion Meta Provider as the provider for PotionMetaProvider
[18:05:34] [Server thread/INFO]: [Essentials] Selected Paper Known Commands Provider as the provider for KnownCommandsProvider
[18:05:34] [Server thread/INFO]: [Essentials] Selected 1.14.4+ Persistent Data Container Provider as the provider for PersistentDataProvider
[18:05:34] [Server thread/INFO]: [Essentials] Selected 1.13+ Spawn Egg Provider as the provider for SpawnEggProvider
[18:05:34] [Server thread/INFO]: [Essentials] Selected Paper Server State Provider as the provider for ServerStateProvider
[18:05:34] [Server thread/INFO]: [Essentials] Selected 1.21+ InventoryView Interface ABI Provider as the provider for InventoryViewProvider
[18:05:34] [Server thread/INFO]: [Essentials] Selected Paper Tick Count Provider as the provider for TickCountProvider
[18:05:34] [Server thread/INFO]: [Essentials] Selected Reflection Online Mode Provider as the provider for OnlineModeProvider
[18:05:34] [Server thread/INFO]: [Essentials] Selected Reflection Formatted Command Alias Provider as the provider for FormattedCommandAliasProvider
[18:05:34] [Server thread/INFO]: [Essentials] Selected Reflection Spawner Block Provider as the provider for SpawnerBlockProvider
[18:05:34] [Server thread/INFO]: [Essentials] Loaded 43465 items from items.json.
[18:05:34] [Server thread/INFO]: [Essentials] Using locale en
[18:05:34] [Server thread/INFO]: [Essentials] ServerListPingEvent: Spigot iterator API
[18:05:34] [Server thread/INFO]: [Essentials] Starting Metrics. Opt-out using the global bStats config.
[18:05:34] [Server thread/INFO]: [Vault] [Economy] Essentials Economy hooked.
[18:05:34] [Server thread/INFO]: [Essentials] Using Vault based permissions (LuckPerms)
[18:05:34] [Server thread/INFO]: [ViaBackwards] Enabling ViaBackwards v5.2.1
[18:05:34] [Server thread/INFO]: [EssentialsSpawn] Enabling EssentialsSpawn v2.21.0-dev+167-4e64782
[18:05:34] [Server thread/INFO]: [EssentialsSpawn] Starting Metrics. Opt-out using the global bStats config.
[18:05:34] [Server thread/INFO]: [PlaceholderAPI] Enabling PlaceholderAPI v2.11.6
[18:05:35] [Server thread/INFO]: [PlaceholderAPI] Fetching available expansion information...
[18:05:35] [Server thread/INFO]: [WorldGuard] Enabling WorldGuard v7.0.13+82fdc65
[18:05:35] [Server thread/INFO]: [WorldGuard] (world) TNT ignition is PERMITTED.
[18:05:35] [Server thread/INFO]: [WorldGuard] (world) Lighters are PERMITTED.
[18:05:35] [Server thread/INFO]: [WorldGuard] (world) Lava fire is PERMITTED.
[18:05:35] [Server thread/INFO]: [WorldGuard] (world) Fire spread is UNRESTRICTED.
[18:05:35] [Server thread/INFO]: [WorldGuard] Loaded configuration for world 'world'
[18:05:35] [Server thread/INFO]: [WorldGuard] (world_nether) TNT ignition is PERMITTED.
[18:05:35] [Server thread/INFO]: [WorldGuard] (world_nether) Lighters are PERMITTED.
[18:05:35] [Server thread/INFO]: [WorldGuard] (world_nether) Lava fire is PERMITTED.
[18:05:35] [Server thread/INFO]: [WorldGuard] (world_nether) Fire spread is UNRESTRICTED.
[18:05:35] [Server thread/INFO]: [WorldGuard] Loaded configuration for world 'world_nether'
[18:05:35] [Server thread/INFO]: [WorldGuard] (world_the_end) TNT ignition is PERMITTED.
[18:05:35] [Server thread/INFO]: [WorldGuard] (world_the_end) Lighters are PERMITTED.
[18:05:35] [Server thread/INFO]: [WorldGuard] (world_the_end) Lava fire is PERMITTED.
[18:05:35] [Server thread/INFO]: [WorldGuard] (world_the_end) Fire spread is UNRESTRICTED.
[18:05:35] [Server thread/INFO]: [WorldGuard] Loaded configuration for world 'world_the_end'
[18:05:35] [Server thread/INFO]: [WorldGuard] Loading region data...
[18:05:35] [Server thread/INFO]: [AuthMe] Enabling AuthMe v5.6.0-bCUSTOM
[18:05:35] [Server thread/INFO]: [AuthMe] SQLite Setup finished
[18:05:35] [Server thread/INFO]: [AuthMe] Hooked into LuckPerms!
[18:05:35] [Server thread/INFO]: [AuthMe] Hooked successfully into Essentials
[18:05:35] [Server thread/WARN]: [AuthMe] WARNING! The protectInventory feature requires ProtocolLib! Disabling it...
[18:05:36] [Server thread/INFO]: [AuthMe] AuthMe 5.6.0 build n.CUSTOM successfully enabled!
[18:05:36] [Server thread/INFO]: [HerobrineTroll] Enabling HerobrineTroll v1.0
[18:05:36] [Server thread/INFO]: [NoSleep] Enabling NoSleep v1.0
[18:05:36] [Server thread/INFO]: [TrollMaster] Enabling TrollMaster v1.0
[18:05:36] [Server thread/INFO]: [TAB] Enabling TAB v5.0.7
[18:05:36] [Server thread/INFO]: [TAB] Loaded NMS hook in 49ms
[18:05:36] [Server thread/INFO]: [TAB] Enabled in 306ms
[18:05:36] [Server thread/INFO]: [BetterTeams] Enabling BetterTeams v4.11.0
[18:05:36] [Server thread/INFO]: [BetterTeams] Checking if the file es.yml is up to date
[18:05:36] [Server thread/INFO]: [BetterTeams] File is up to date
[18:05:36] [Server thread/INFO]: [BetterTeams] Checking if the file messages.yml is up to date
[18:05:36] [Server thread/INFO]: [BetterTeams] File is up to date
[18:05:36] [Server thread/INFO]: [BetterTeams] ==================================================================
[18:05:36] [Server thread/INFO]: [BetterTeams] Messages are missing from your selected language, the following messages are using english:
[18:05:36] [Server thread/INFO]: [BetterTeams] - create.minLength: &4That team name is too short
[18:05:36] [Server thread/INFO]: [BetterTeams] - chest.check.self: &6Your team has claimed that chest
[18:05:36] [Server thread/INFO]: [BetterTeams] - chest.check.notClaimed: &6That chest has not been claimed
[18:05:36] [Server thread/INFO]: [BetterTeams] - chest.check.claimed: &6That chest is claimed by &a{0}
[18:05:36] [Server thread/INFO]: [BetterTeams] - command.check: check
[18:05:36] [Server thread/INFO]: [BetterTeams] If you are able to help with translation please join the discord server and make yourself known (https://discord.gg/JF9DNs3)
[18:05:36] [Server thread/INFO]: [BetterTeams] A file called `missingmessages.txt` has been created within this plugins folder. To contribute to the community translations, translate the messages within it and submit it to the discord
[18:05:36] [Server thread/INFO]: [BetterTeams] ==================================================================
[18:05:36] [Server thread/INFO]: [PlaceholderAPI] Successfully registered internal expansion: betterTeams [4.11.0]
[18:05:36] [Server thread/INFO]: Display team name config value: prefix
[18:05:36] [Server thread/INFO]: Loading below name. Type: PREFIX
[18:05:36] [Server thread/INFO]: teamManagement declared: com.booksaw.betterTeams.events.MCTeamManagement@613b29b7
[18:05:36] [Server thread/INFO]: [PrivateWarps] Enabling PrivateWarps v1.0*
[18:05:36] [Server thread/INFO]: [PrivateWarps] PrivateWarpsPlugin activado!
[18:05:36] [Server thread/INFO]: [voicechat] Enabling voicechat v2.5.26
[18:05:36] [Server thread/INFO]: [voicechat] Initializing compatibility for Bukkit version 1.21.4-R0.1
[18:05:36] [Server thread/INFO]: [voicechat] Compatibility version 18
[18:05:36] [Server thread/INFO]: [voicechat] Successfully initialized commodore command completion
[18:05:36] [Server thread/INFO]: [PlaceholderAPI] Successfully registered internal expansion: voicechat [2.5.26]
[18:05:36] [Server thread/INFO]: [voicechat] Successfully registered PlaceholderAPI expansion
[18:05:36] [Server thread/INFO]: [voicechat] Successfully added ViaVersion mappings
[18:05:36] [Server thread/INFO]: [ChatManager] Enabling ChatManager v4.0.3
[18:05:36] [Server thread/INFO]: [PlaceholderAPI] Successfully registered internal expansion: chatmanager [4.0.3]
[18:05:37] [Server thread/INFO]: [RPGHealthDisplay] Enabling RPGHealthDisplay v1.0
[18:05:37] [Server thread/INFO]: [RPGHealthDisplay] RPGHealthDisplay ha sido activado correctamente.
[18:05:37] [Server thread/INFO]: [DiscordSRV] Enabling DiscordSRV v1.29.0
[18:05:37] [Server thread/INFO]: [ItemFrameDuplicator] Enabling ItemFrameDuplicator v1.0
[18:05:37] [Server thread/INFO]: [ItemFrameDuplicator] ItemFrameDuplicator activado.
[18:05:37] [Server thread/INFO]: [LightningHoe] Enabling LightningHoe v1.0
[18:05:37] [Server thread/INFO]: [FakeLogin] Enabling FakeLogin v1.0*
[18:05:37] [Server thread/INFO]: [NoPluginsv2] Enabling NoPluginsv2 v2.0
[18:05:37] [Server thread/INFO]: [NoPluginsv2] BlockCommandsPlugin activado!
[18:05:37] [Server thread/INFO]: [Chunky] Enabling Chunky v1.4.28
[18:05:37] [Server thread/INFO]: [NetheriteLightning] Enabling NetheriteLightning v1.0
[18:05:37] [Server thread/INFO]: [EntityOptimizer] Enabling EntityOptimizer v1.0
[18:05:37] [Server thread/INFO]: [EntityOptimizer] EntityOptimizer activado.
[18:05:37] [Server thread/INFO]: [spark] Starting background profiler...
[18:05:38] [pool-59-thread-1/INFO]: [DiscordSRV] DiscordSRV is up-to-date. (9d4734818ab27069d76f264a4cda74a699806770)
[18:05:38] [Server thread/INFO]: [PlaceholderAPI] Placeholder expansion registration initializing...
[18:05:38] [Server thread/INFO]: Done preparing level "world" (6.858s)
[18:05:38] [Server thread/INFO]: Running delayed init tasks
[18:05:38] [Server thread/INFO]: [Essentials] Essentials found a compatible payment resolution method: Vault Compatibility Layer (v1.7.3-b131)!
[18:05:38] [Craft Scheduler Thread - 2 - ViaVersion/INFO]: [ViaVersion] Finished mapping loading, shutting down loader executor.
[18:05:38] [Craft Scheduler Thread - 2 - Essentials/INFO]: [Essentials] Fetching version information...
[18:05:38] [Craft Scheduler Thread - 1 - AuthMe/INFO]: [AuthMe] Downloading GEO IP database, because the old database is older than 30 days or doesn't exist
[18:05:38] [Craft Scheduler Thread - 1 - AuthMe/WARN]: [AuthMe] No MaxMind credentials found in the configuration file! GeoIp protections will be disabled.
[18:05:38] [Craft Scheduler Thread - 1 - AuthMe/INFO]: [AuthMe] There is no newer GEO IP database uploaded to MaxMind. Using the old one for now.
[18:05:38] [Craft Scheduler Thread - 1 - AuthMe/WARN]: [AuthMe] Could not download GeoLiteAPI database [FileNotFoundException]: plugins/AuthMe/GeoLite2-Country.mmdb (No such file or directory)
[18:05:38] [Server thread/INFO]: [EntityOptimizer] Se han eliminado los ítems del suelo.
[18:05:38] [Server thread/INFO]: Done (30.691s)! For help, type "help"
[18:05:38] [Craft Scheduler Thread - 1 - Vault/INFO]: [Vault] Checking for Updates ... 
[18:05:38] [Server thread/INFO]: [voicechat] Loading plugins
[18:05:38] [Server thread/INFO]: [voicechat] Loaded 0 plugin(s)
[18:05:38] [Server thread/INFO]: [voicechat] Initializing plugins
[18:05:38] [Server thread/INFO]: [voicechat] Initialized 0 plugin(s)
[18:05:38] [Server thread/WARN]: [voicechat] Running in offline mode - Voice chat encryption is not secure!
[18:05:38] [VoiceChatServerThread/INFO]: [voicechat] Voice host is 'need-glow.gl.at.ply.gg:1723'
[18:05:38] [VoiceChatServerThread/INFO]: [voicechat] Voice chat server started at port 1723
[18:05:38] [Craft Scheduler Thread - 1 - Vault/INFO]: [Vault] No new version available
[18:05:38] [Server thread/INFO]: [PlaceholderAPI] Successfully registered external expansion: statistic [2.0.1]
[18:05:38] [Server thread/INFO]: [PlaceholderAPI] Successfully registered external expansion: luckperms [5.4-R2]
[18:05:38] [Server thread/INFO]: [PlaceholderAPI] Successfully registered external expansion: vault [1.8.3]
[18:05:38] [Server thread/INFO]: 3 placeholder hook(s) registered!
[18:05:38] [Craft Scheduler Thread - 2 - Essentials/WARN]: [Essentials] You're 18 EssentialsX dev build(s) out of date!
[18:05:38] [Craft Scheduler Thread - 2 - Essentials/WARN]: [Essentials] Download it here: https://essentialsx.net/downloads.html
[18:05:39] [DiscordSRV - Initialization/INFO]: [DiscordSRV] [JDA] Login Successful!
[18:05:39] [JDA MainWS-ReadThread/INFO]: [DiscordSRV] [JDA] Connected to WebSocket
[18:05:39] [JDA MainWS-ReadThread/INFO]: [DiscordSRV] [JDA] Finished Loading!
[18:05:39] [DiscordSRV - Initialization/INFO]: [DiscordSRV] Console forwarding assigned to channel TC:consola(1346179574676979782)
[18:05:40] [DiscordSRV - Initialization/INFO]: [DiscordSRV] Enabling Essentials hook
[18:05:40] [DiscordSRV - Initialization/INFO]: [DiscordSRV] Enabling LuckPerms hook
[18:05:40] [DiscordSRV - Initialization/INFO]: [DiscordSRV] Enabling PlaceholderAPI hook
[18:05:40] [Server thread/INFO]: [PlaceholderAPI] Successfully registered internal expansion: discordsrv [1.29.0]
[18:05:40] [DiscordSRV - JDA Callback 0/INFO]: [DiscordSRV] Cleared all pre-existing slash commands in 1/1 guilds (0 cancelled)
[18:05:41] [User Authenticator #0/INFO]: UUID of player Zarickson is d1be33e8-0f45-3b2d-8d80-cabf1ca7e6a5
[18:05:42] [Server thread/INFO]: Zarickson joined the game
[18:05:42] [Server thread/INFO]: Zarickson[/127.4.64.75:59201] logged in with entity id 523 at ([world]-201.16626353328755, 64.0, -291.7208725759456)
[18:05:42] [Server thread/INFO]: [voicechat] Received secret request of Zarickson (18)
[18:05:42] [Server thread/INFO]: [voicechat] Sent secret to Zarickson
[18:05:43] [VoiceChatPacketProcessingThread/INFO]: [voicechat] Successfully authenticated player d1be33e8-0f45-3b2d-8d80-cabf1ca7e6a5
[18:05:44] [VoiceChatPacketProcessingThread/INFO]: [voicechat] Successfully validated connection of player d1be33e8-0f45-3b2d-8d80-cabf1ca7e6a5
[18:05:44] [VoiceChatPacketProcessingThread/INFO]: [voicechat] Player Zarickson (d1be33e8-0f45-3b2d-8d80-cabf1ca7e6a5) successfully connected to voice chat
[18:05:46] [Craft Scheduler Thread - 2 - AuthMe/INFO]: [AuthMe] Zarickson logged in 127.4.64.75
[18:06:04] [Async Chat Thread - #0/INFO]: [Not Secure] [Miembro]  Zarickson > a
[18:06:08] [Server thread/INFO]: [EntityOptimizer] Se han eliminado los ítems del suelo.
[18:06:16] [Server thread/INFO]: Zarickson lost connection: Disconnected
[18:06:16] [Server thread/INFO]: [voicechat] Disconnecting client Zarickson
[18:06:16] [Server thread/INFO]: KRATOS Zarickson left the game
[18:06:30] [Server thread/INFO]: Stopping the server
[18:06:30] [Server thread/INFO]: Stopping server
[18:06:30] [Server thread/INFO]: [EntityOptimizer] Disabling EntityOptimizer v1.0
[18:06:30] [Server thread/INFO]: [EntityOptimizer] EntityOptimizer desactivado.
[18:06:30] [Server thread/INFO]: [NetheriteLightning] Disabling NetheriteLightning v1.0
[18:06:30] [Server thread/INFO]: [NetheriteLightning] NetheriteLightning deshabilitado.
[18:06:30] [Server thread/INFO]: [Chunky] Disabling Chunky v1.4.28
[18:06:30] [Server thread/INFO]: [NoPluginsv2] Disabling NoPluginsv2 v2.0
[18:06:30] [Server thread/INFO]: [NoPluginsv2] BlockCommandsPlugin desactivado!
[18:06:30] [Server thread/INFO]: [FakeLogin] Disabling FakeLogin v1.0
[18:06:30] [Server thread/INFO]: [LightningHoe] Disabling LightningHoe v1.0
[18:06:30] [Server thread/INFO]: [ItemFrameDuplicator] Disabling ItemFrameDuplicator v1.0
[18:06:30] [Server thread/INFO]: [ItemFrameDuplicator] ItemFrameDuplicator desactivado.
[18:06:30] [Server thread/INFO]: [DiscordSRV] Disabling DiscordSRV v1.29.0
[18:06:30] [DiscordSRV - Shutdown/INFO]: [DiscordSRV] Shutdown completed in 334ms
[18:06:30] [Server thread/INFO]: [RPGHealthDisplay] Disabling RPGHealthDisplay v1.0
[18:06:30] [Server thread/INFO]: [RPGHealthDisplay] RPGHealthDisplay ha sido desactivado.
[18:06:30] [Server thread/INFO]: [ChatManager] Disabling ChatManager v4.0.3
[18:06:30] [Server thread/INFO]: [voicechat] Disabling voicechat v2.5.26
[18:06:30] [Server thread/INFO]: [PrivateWarps] Disabling PrivateWarps v1.0
[18:06:30] [Server thread/INFO]: [BetterTeams] Disabling BetterTeams v4.11.0
[18:06:30] [Server thread/INFO]: [TAB] Disabling TAB v5.0.7
[18:06:30] [Server thread/INFO]: [TAB] Disabled in 1ms
[18:06:30] [Server thread/INFO]: [TrollMaster] Disabling TrollMaster v1.0
[18:06:30] [Server thread/INFO]: [NoSleep] Disabling NoSleep v1.0
[18:06:30] [Server thread/INFO]: [HerobrineTroll] Disabling HerobrineTroll v1.0
[18:06:30] [Server thread/INFO]: [PlugManX] Disabling PlugManX v2.4.1
[18:06:30] [Server thread/INFO]: [AuthMe] Disabling AuthMe v5.6.0-bCUSTOM
[18:06:30] [Server thread/INFO]: [AuthMe] Waiting for 0 tasks to finish
[18:06:30] [Server thread/INFO]: [AuthMe] AuthMe 5.6.0-bCUSTOM disabled!
[18:06:30] [Server thread/INFO]: [WorldGuard] Disabling WorldGuard v7.0.13+82fdc65
[18:06:30] [Server thread/INFO]: [WorldGuard] Shutting down executor and cancelling any pending tasks...
[18:06:30] [Server thread/INFO]: [ViaRewind] Disabling ViaRewind v4.0.5
[18:06:30] [Server thread/INFO]: [PlaceholderAPI] Disabling PlaceholderAPI v2.11.6
[18:06:30] [Server thread/INFO]: [EssentialsSpawn] Disabling EssentialsSpawn v2.21.0-dev+167-4e64782
[18:06:30] [Server thread/INFO]: [WorldEdit] Disabling WorldEdit v7.3.10+7004-768a436
[18:06:30] [Server thread/INFO]: Unregistering com.sk89q.worldedit.bukkit.BukkitServerInterface from WorldEdit
[18:06:30] [Server thread/INFO]: [ViaBackwards] Disabling ViaBackwards v5.2.1
[18:06:30] [Server thread/INFO]: [Essentials] Disabling Essentials v2.21.0-dev+167-4e64782
[18:06:30] [Server thread/INFO]: [Vault] [Economy] Essentials Economy unhooked.
[18:06:30] [Server thread/INFO]: [Vault] Disabling Vault v1.7.3-b131
[18:06:30] [Server thread/INFO]: [LuckPerms] Disabling LuckPerms v5.4.156
[18:06:30] [Server thread/INFO]: [LuckPerms] Starting shutdown process...
[18:06:30] [Server thread/INFO]: [LuckPerms] Closing storage...
[18:06:30] [Server thread/INFO]: [LuckPerms] Goodbye!
[18:06:30] [Server thread/INFO]: [ViaVersion] Disabling ViaVersion v5.2.1
[18:06:30] [Server thread/INFO]: [ViaVersion] ViaVersion has been disabled; uninjected the platform and shut down the scheduler.
[18:06:30] [Server thread/INFO]: Saving players
[18:06:31] [Server thread/INFO]: Saving worlds
[18:06:31] [Server thread/INFO]: Saving chunks for level 'ServerLevel[world]'/minecraft:overworld
[18:06:31] [Server thread/INFO]: [ChunkHolderManager] Waiting 60s for chunk system to halt for world 'world'
[18:06:31] [Server thread/INFO]: [ChunkHolderManager] Halted chunk system for world 'world'
[18:06:31] [Server thread/INFO]: [ChunkHolderManager] Saving all chunkholders for world 'world'
[18:06:31] [Server thread/INFO]: [ChunkHolderManager] Saved 191 block chunks, 191 entity chunks, 0 poi chunks in world 'world' in 0.33s
[18:06:31] [Server thread/INFO]: [ChunkHolderManager] Waiting 60s for chunk I/O to halt for world 'world'
[18:06:31] [Server thread/INFO]: [ChunkHolderManager] Halted I/O scheduler for world 'world'
[18:06:31] [Server thread/INFO]: Saving chunks for level 'ServerLevel[world_nether]'/minecraft:the_nether
[18:06:31] [Server thread/INFO]: [ChunkHolderManager] Waiting 60s for chunk system to halt for world 'world_nether'
[18:06:31] [Server thread/INFO]: [ChunkHolderManager] Halted chunk system for world 'world_nether'
[18:06:31] [Server thread/INFO]: [ChunkHolderManager] Saving all chunkholders for world 'world_nether'
[18:06:31] [Server thread/INFO]: [ChunkHolderManager] Saved 49 block chunks, 49 entity chunks, 0 poi chunks in world 'world_nether' in 0.08s
[18:06:31] [Server thread/INFO]: [ChunkHolderManager] Waiting 60s for chunk I/O to halt for world 'world_nether'
[18:06:31] [Server thread/INFO]: [ChunkHolderManager] Halted I/O scheduler for world 'world_nether'
[18:06:31] [Server thread/INFO]: Saving chunks for level 'ServerLevel[world_the_end]'/minecraft:the_end
[18:06:31] [Server thread/INFO]: [ChunkHolderManager] Waiting 60s for chunk system to halt for world 'world_the_end'
[18:06:31] [Server thread/INFO]: [ChunkHolderManager] Halted chunk system for world 'world_the_end'
[18:06:31] [Server thread/INFO]: [ChunkHolderManager] Saving all chunkholders for world 'world_the_end'
[18:06:31] [Server thread/INFO]: [ChunkHolderManager] Saved 49 block chunks, 49 entity chunks, 0 poi chunks in world 'world_the_end' in 0.03s
[18:06:31] [Server thread/INFO]: [ChunkHolderManager] Waiting 60s for chunk I/O to halt for world 'world_the_end'
[18:06:31] [Server thread/INFO]: [ChunkHolderManager] Halted I/O scheduler for world 'world_the_end'
[18:06:31] [Server thread/INFO]: ThreadedAnvilChunkStorage (world): All chunks are saved
[18:06:31] [Server thread/INFO]: ThreadedAnvilChunkStorage (DIM-1): All chunks are saved
[18:06:31] [Server thread/INFO]: ThreadedAnvilChunkStorage (DIM1): All chunks are saved
[18:06:31] [Server thread/INFO]: ThreadedAnvilChunkStorage: All dimensions are saved
[18:06:31] [Server thread/INFO]: Waiting for I/O tasks to complete...
[18:06:31] [Server thread/INFO]: All I/O tasks to complete
[18:06:31] [Server thread/INFO]: [MoonriseCommon] Awaiting termination of worker pool for up to 60s...
[18:06:31] [Server thread/INFO]: [MoonriseCommon] Awaiting termination of I/O pool for up to 60s...
